<?xml version="1.0" encoding="UTF-8"?>
<!-- Generated by org.testng.reporters.JUnitReportReporter -->
<testsuite hostname="LAPTOP-5RVKDHMM" failures="0" tests="7" name="finalexam.TestShopping" time="14.913" errors="0" timestamp="2023-10-18T12:38:12 EDT" skipped="0">
  <testcase classname="finalexam.TestShopping" name="hover" time="4.164"/>
  <testcase classname="finalexam.TestShopping" name="clickimage" time="0.913"/>
  <testcase classname="finalexam.TestShopping" name="writetext" time="0.105"/>
  <testcase classname="finalexam.TestShopping" name="shopcart" time="5.925"/>
  <testcase classname="finalexam.TestShopping" name="displaytotal" time="0.051"/>
  <testcase classname="finalexam.TestShopping" name="gotocheckout" time="3.708"/>
  <testcase classname="finalexam.TestShopping" name="validatetext" time="0.047"/>
</testsuite> <!-- finalexam.TestShopping -->
